生成启动时间为 2017/7/19 11:32:33。
     1>项目“H:\CodeLearn\CCode_video\CPrimerPlusFiveExcise\CPrimerPlusFiveExcise\CPrimerPlusFiveExcise.vcxproj”在节点 2 上(Build 个目标)。
     1>ClCompile:
         C:\Program Files (x86)\Microsoft Visual Studio 12.0\VC\bin\CL.exe /c /ZI /nologo /W3 /WX- /sdl /Od /Oy- /D WIN32 /D _DEBUG /D _CONSOLE /D _LIB /D _UNICODE /D UNICODE /Gm /EHsc /RTC1 /MDd /GS /fp:precise /Zc:wchar_t /Zc:forScope /Fo"Debug\\" /Fd"Debug\vc120.pdb" /Gd /TC /analyze- /errorReport:prompt 8.c
         8.c
     1>h:\codelearn\ccode_video\cprimerplusfiveexcise\cprimerplusfiveexcise\8.c(12): warning C4716: “Temperature”: 必须返回一个值
       Link:
         C:\Program Files (x86)\Microsoft Visual Studio 12.0\VC\bin\link.exe /ERRORREPORT:PROMPT /OUT:"H:\CodeLearn\CCode_video\CPrimerPlusFiveExcise\Debug\CPrimerPlusFiveExcise.exe" /INCREMENTAL /NOLOGO kernel32.lib user32.lib gdi32.lib winspool.lib comdlg32.lib advapi32.lib shell32.lib ole32.lib oleaut32.lib uuid.lib odbc32.lib odbccp32.lib /MANIFEST /MANIFESTUAC:"level='asInvoker' uiAccess='false'" /manifest:embed /DEBUG /PDB:"H:\CodeLearn\CCode_video\CPrimerPlusFiveExcise\Debug\CPrimerPlusFiveExcise.pdb" /SUBSYSTEM:CONSOLE /TLBID:1 /DYNAMICBASE /NXCOMPAT /IMPLIB:"H:\CodeLearn\CCode_video\CPrimerPlusFiveExcise\Debug\CPrimerPlusFiveExcise.lib" /MACHINE:X86 Debug\1.obj
         Debug\2.obj
         Debug\3.obj
         Debug\4.obj
         Debug\5.obj
         Debug\6.obj
         Debug\7.obj
         Debug\8.obj
         Debug\main.obj
         CPrimerPlusFiveExcise.vcxproj -> H:\CodeLearn\CCode_video\CPrimerPlusFiveExcise\Debug\CPrimerPlusFiveExcise.exe
     1>已完成生成项目“H:\CodeLearn\CCode_video\CPrimerPlusFiveExcise\CPrimerPlusFiveExcise\CPrimerPlusFiveExcise.vcxproj”(Build 个目标)的操作。

生成成功。

已用时间 00:00:00.39
